
🔧 Running global setup...
✓ Test database connected
✓ Global setup complete


Running 2 tests using 2 workers

[1A[2K[2m[WebServer] [22m[@sentry/nextjs] DEPRECATION WARNING: It is recommended renaming your `sentry.client.config.ts` file, or moving its content to `instrumentation-client.ts`. When using Turbopack `sentry.client.config.ts` will no longer work. Read more about the `instrumentation-client.ts` file: https://nextjs.org/docs/app/api-reference/file-conventions/instrumentation-client

[1A[2K[1/2] [chromium] › e2e/journeys.spec.ts:81:7 › Client-Side Journey Tests @journey › Purchase journey with UTM token @journey
[1A[2K[2/2] [chromium] › e2e/journeys.spec.ts:15:7 › Client-Side Journey Tests @journey › Organic visitor joins waitlist successfully @journey
[1A[2K[2m[WebServer] [22m<w> [webpack.cache.PackFileCacheStrategy] Serializing big strings (253kiB) impacts deserialization performance (consider using Buffer instead and decode when needed)

[1A[2K[2m[WebServer] [22mDatadog Browser SDK: SDK is loaded more than once. This is unsupported and might have unexpected behavior.

[1A[2K[2m[WebServer] [22mDatadog Browser SDK: SDK is loaded more than once. This is unsupported and might have unexpected behavior.

[1A[2K[2m[WebServer] [22mDatadog Browser SDK: SDK is loaded more than once. This is unsupported and might have unexpected behavior.

[1A[2K[2m[WebServer] [22mDatadog Browser SDK: SDK is loaded more than once. This is unsupported and might have unexpected behavior.

[1A[2K[2m[WebServer] [22mSENDGRID_API_KEY not found in environment variables

[1A[2K[2m[WebServer] [22mDatadog Browser SDK: SDK is loaded more than once. This is unsupported and might have unexpected behavior.

[1A[2K[2m[WebServer] [22mDatadog Browser SDK: SDK is loaded more than once. This is unsupported and might have unexpected behavior.

[1A[2K[2m[WebServer] [22mFailed to create checkout session: Error: STRIPE_SECRET_KEY is not defined
[2m[WebServer] [22m    at getStripe (webpack-internal:///(rsc)/./lib/stripe/config.ts:17:19)
[2m[WebServer] [22m    at Object.get (webpack-internal:///(rsc)/./lib/stripe/config.ts:29:28)
[2m[WebServer] [22m    at createCheckoutSession (webpack-internal:///(rsc)/./lib/stripe/checkout.ts:23:75)
[2m[WebServer] [22m    at createCheckoutSession (webpack-internal:///(rsc)/./lib/purchase/purchase-service.ts:92:106)
[2m[WebServer] [22m    at async PurchaseContent (webpack-internal:///(rsc)/./app/purchase/page.tsx:59:29)

[1A[2K[2m[WebServer] [22mError creating checkout session: Error: Failed to create checkout session
[2m[WebServer] [22m    at createCheckoutSession (webpack-internal:///(rsc)/./lib/stripe/checkout.ts:60:15)
[2m[WebServer] [22m    at createCheckoutSession (webpack-internal:///(rsc)/./lib/purchase/purchase-service.ts:92:106)
[2m[WebServer] [22m    at async PurchaseContent (webpack-internal:///(rsc)/./app/purchase/page.tsx:59:29)

[1A[2K[2m[WebServer] [22mDatadog Browser SDK: SDK is loaded more than once. This is unsupported and might have unexpected behavior.

[1A[2K[2m[WebServer] [22mDatadog Browser SDK: SDK is loaded more than once. This is unsupported and might have unexpected behavior.


🧹 Running global teardown...
✓ Database connection closed
✓ Global teardown complete

[1A[2K  2 passed (14.1s)

To open last HTML report run:
[36m[39m
[36m  pnpm exec playwright show-report[39m
[36m[39m
