
> anthrasite.io@1.0.0 start
> next start

  ▲ Next.js 14.2.30
  - Local:        http://localhost:3002

 ✓ Starting...
 ✓ Ready in 666ms
prisma:error 
Invalid `prisma.$queryRaw()` invocation:


User was denied access on the database `(not available)`
prisma:error 
Invalid `prisma.$queryRaw()` invocation:


User was denied access on the database `(not available)`
prisma:error 
Invalid `prisma.$queryRaw()` invocation:


User was denied access on the database `(not available)`
prisma:error 
Invalid `prisma.$queryRaw()` invocation:


User was denied access on the database `(not available)`
prisma:error 
Invalid `prisma.$queryRaw()` invocation:


User was denied access on the database `(not available)`
prisma:error 
Invalid `prisma.$queryRaw()` invocation:


User was denied access on the database `(not available)`
prisma:error 
Invalid `prisma.$queryRaw()` invocation:


User was denied access on the database `(not available)`
prisma:error 
Invalid `prisma.$queryRaw()` invocation:


User was denied access on the database `(not available)`
prisma:error 
Invalid `prisma.$queryRaw()` invocation:


User was denied access on the database `(not available)`
prisma:error 
Invalid `prisma.$queryRaw()` invocation:


User was denied access on the database `(not available)`
prisma:error 
Invalid `prisma.$queryRaw()` invocation:


User was denied access on the database `(not available)`
prisma:error 
Invalid `prisma.$queryRaw()` invocation:


User was denied access on the database `(not available)`
prisma:error 
Invalid `prisma.$queryRaw()` invocation:


User was denied access on the database `(not available)`
prisma:error 
Invalid `prisma.$queryRaw()` invocation:


User was denied access on the database `(not available)`
prisma:error 
Invalid `prisma.$queryRaw()` invocation:


User was denied access on the database `(not available)`
prisma:error 
Invalid `prisma.$queryRaw()` invocation:


User was denied access on the database `(not available)`
