
> anthrasite.io@1.0.0 dev
> next dev -p 3333

  ▲ Next.js 14.2.30
  - Local:        http://localhost:3333
  - Experiments (use with caution):
    · instrumentationHook

 ✓ Starting...
warn  - It seems like you don't have a global error handler set up. It is recommended that you add a global-error.js file with Sentry instrumentation so that React rendering errors are reported to Sentry. Read more: https://docs.sentry.io/platforms/javascript/guides/nextjs/manual-setup/#react-render-errors-in-app-router (you can suppress this warning by setting SENTRY_SUPPRESS_GLOBAL_ERROR_HANDLER_FILE_WARNING=1 as environment variable)
[@sentry/nextjs] DEPRECATION WARNING: It is recommended renaming your `sentry.client.config.ts` file, or moving its content to `instrumentation-client.ts`. When using Turbopack `sentry.client.config.ts` will no longer work. Read more about the `instrumentation-client.ts` file: https://nextjs.org/docs/app/api-reference/file-conventions/instrumentation-client
 ○ Compiling /instrumentation ...
 ✓ Compiled /instrumentation in 2.2s (2118 modules)
 ✓ Ready in 4.3s
 ○ Compiling /middleware ...
 ✓ Compiled /middleware in 968ms (469 modules)
Failed to fetch experiments from Edge Config: [Error: @vercel/edge-config: No connection string provided]
Using fallback experiments
 ○ Compiling / ...
<w> [webpack.cache.PackFileCacheStrategy] Serializing big strings (253kiB) impacts deserialization performance (consider using Buffer instead and decode when needed)
 ✓ Compiled / in 55.2s (7876 modules)
 GET / 200 in 63600ms
Failed to fetch experiments from Edge Config: [Error: @vercel/edge-config: No connection string provided]
Using fallback experiments
 GET / 200 in 389ms
Failed to fetch experiments from Edge Config: [Error: @vercel/edge-config: No connection string provided]
Using fallback experiments
Failed to fetch experiments from Edge Config: [Error: @vercel/edge-config: No connection string provided]
Using fallback experiments
 ○ Compiling /_not-found ...
 ✓ Compiled /icon.svg in 13s (7902 modules)
Datadog Browser SDK: SDK is loaded more than once. This is unsupported and might have unexpected behavior.
Datadog Browser SDK: SDK is loaded more than once. This is unsupported and might have unexpected behavior.
 ✓ Compiled in 9s (1251 modules)
Failed to fetch experiments from Edge Config: [Error: @vercel/edge-config: No connection string provided]
Using fallback experiments
 GET / 200 in 390ms
Failed to fetch experiments from Edge Config: [Error: @vercel/edge-config: No connection string provided]
Using fallback experiments
 GET /icon.svg?784ce192f7e33333 200 in 16ms
Failed to fetch experiments from Edge Config: [Error: @vercel/edge-config: No connection string provided]
Using fallback experiments
 GET /logo_full_black.svg 404 in 61ms
 ✓ Compiled in 5.3s (1251 modules)
[?25h
